<?xml version="1.0" encoding="UTF-8"?>
<!-- Generated by org.testng.reporters.JUnitReportReporter -->
<testsuite hostname="Vishakha" failures="0" tests="3" name="com.firstestngpack.testngclass" time="5.725" errors="0" timestamp="2022-08-11T17:26:05 IST" skipped="0">
  <testcase classname="com.firstestngpack.testngclass" name="get" time="0.001"/>
  <system-out/>
  <testcase classname="com.firstestngpack.testngclass" name="init" time="5.713"/>
  <system-out/>
  <testcase classname="com.firstestngpack.testngclass" name="formStore" time="0.011"/>
  <system-out/>
</testsuite> <!-- com.firstestngpack.testngclass -->
